<?xml version="1.0" encoding="UTF-8"?>
<!-- Generated by org.testng.reporters.JUnitReportReporter -->
<testsuite skipped="0" hostname="NZWGTNLP54" name="PetStore.APIAutomation.Test2" tests="1" failures="0" timestamp="2020-04-08T14:08:44 NZST" time="7.323" errors="0">
  <testcase name="getreq" time="7.323" classname="PetStore.APIAutomation.Test2"/>
</testsuite> <!-- PetStore.APIAutomation.Test2 -->
