<?xml version="1.0" encoding="UTF-8"?>
<!-- Generated by org.testng.reporters.JUnitReportReporter -->
<testsuite skipped="0" hostname="NZWGTNLP54" name="GetPetRequest" tests="1" failures="0" timestamp="2020-03-23T22:31:22 NZDT" time="5.158" errors="0">
  <testcase name="GetPet" time="5.158" classname="GetPetRequest"/>
</testsuite> <!-- GetPetRequest -->
