<?xml version="1.0" encoding="UTF-8"?>
<!-- Generated by org.testng.reporters.JUnitReportReporter -->
<testsuite skipped="0" hostname="NZWGTNLP54" name="GoogleAPI.TestCase1" tests="1" failures="0" timestamp="2020-03-25T22:48:20 NZDT" time="5.849" errors="0">
  <testcase name="AddPlace" time="5.849" classname="GoogleAPI.TestCase1"/>
</testsuite> <!-- GoogleAPI.TestCase1 -->
