<?xml version="1.0" encoding="UTF-8"?>
<!-- Generated by org.testng.reporters.JUnitReportReporter -->
<testsuite skipped="0" hostname="NZWGTNLP54" name="PetStore.APIAutomation.Test1" tests="3" failures="0" timestamp="2020-04-05T00:06:25 NZDT" time="19.209" errors="0">
  <testcase name="Post_Get_Delete_PetTest" time="4.504" classname="PetStore.APIAutomation.Test1"/>
  <testcase name="Post_Get_Delete_PetTest" time="11.203" classname="PetStore.APIAutomation.Test1"/>
  <testcase name="Post_Get_Delete_PetTest" time="3.502" classname="PetStore.APIAutomation.Test1"/>
</testsuite> <!-- PetStore.APIAutomation.Test1 -->
