<?xml version="1.0" encoding="UTF-8"?>
<!-- Generated by org.testng.reporters.JUnitReportReporter -->
<testsuite skipped="0" hostname="NZWGTNLP54" name="GoogleAPI.SpecBuilder" tests="1" failures="0" timestamp="2020-03-29T21:41:10 NZDT" time="9.294" errors="0">
  <testcase name="AddPlace" time="9.294" classname="GoogleAPI.SpecBuilder"/>
</testsuite> <!-- GoogleAPI.SpecBuilder -->
