<?xml version="1.0" encoding="UTF-8"?>
<!-- Generated by org.testng.reporters.JUnitReportReporter -->
<testsuite skipped="0" hostname="NZWGTNLP54" name="TestPackage.TestClass" tests="2" failures="0" timestamp="2020-02-13T10:09:35 NZDT" time="17.405" errors="0">
  <testcase name="method2" time="17.395" classname="TestPackage.TestClass"/>
  <testcase name="method1" time="0.010" classname="TestPackage.TestClass"/>
</testsuite> <!-- TestPackage.TestClass -->
