<?xml version="1.0" encoding="UTF-8"?>
<!-- Generated by org.testng.reporters.JUnitReportReporter -->
<testsuite skipped="0" hostname="NZWGTNLP54" name="TestPackage2.TestClass4" tests="1" failures="0" timestamp="2020-02-14T15:30:14 NZDT" time="0.000" errors="0">
  <testcase name="method4" time="0.000" classname="TestPackage2.TestClass4"/>
</testsuite> <!-- TestPackage2.TestClass4 -->
