<?xml version="1.0" encoding="UTF-8"?>
<!-- Generated by org.testng.reporters.JUnitReportReporter -->
<testsuite skipped="0" hostname="NZWGTNLP54" name="TestPackage.TestClass1" tests="3" failures="0" timestamp="2020-02-14T15:30:14 NZDT" time="0.003" errors="0">
  <testcase name="method1" time="0.000" classname="TestPackage.TestClass1"/>
  <testcase name="method12" time="0.002" classname="TestPackage.TestClass1"/>
  <testcase name="method2" time="0.001" classname="TestPackage.TestClass1"/>
</testsuite> <!-- TestPackage.TestClass1 -->
