<?xml version="1.0" encoding="UTF-8"?>
<!-- Generated by org.testng.reporters.JUnitReportReporter -->
<testsuite skipped="0" hostname="NZWGTNLP54" name="PackageA.Demo1" tests="1" failures="0" timestamp="2020-02-24T10:22:55 NZDT" time="0.028" errors="0">
  <testcase name="LogTest" time="0.028" classname="PackageA.Demo1"/>
</testsuite> <!-- PackageA.Demo1 -->
