<?xml version="1.0" encoding="UTF-8"?>
<!-- Generated by org.testng.reporters.JUnitReportReporter -->
<testsuite skipped="0" hostname="NZWGTNLP54" name="PackageB.LoginPageTest" tests="1" failures="0" timestamp="2020-02-27T16:17:53 NZDT" time="26.143" errors="0">
  <testcase name="VerifyLogin" time="26.143" classname="PackageB.LoginPageTest"/>
</testsuite> <!-- PackageB.LoginPageTest -->
