<?xml version="1.0" encoding="UTF-8"?>
<!-- Generated by org.testng.reporters.JUnitReportReporter -->
<testsuite skipped="0" hostname="NZWGTNLP54" name="testcases.Regression" tests="1" failures="0" timestamp="2020-02-24T12:06:24 NZDT" time="14.500" errors="0">
  <testcase name="Login" time="14.500" classname="testcases.Regression"/>
</testsuite> <!-- testcases.Regression -->
