<?xml version="1.0" encoding="UTF-8"?>
<!-- Generated by org.testng.reporters.JUnitReportReporter -->
<testsuite hostname="NZWGTNLP54" name="XML.XMLgenerate" tests="1" failures="0" timestamp="7 Apr 2020 00:09:20 GMT" time="0.404" errors="0">
  <testcase name="CallSuite" time="0.404" classname="XML.XMLgenerate"/>
</testsuite> <!-- XML.XMLgenerate -->
