<?xml version="1.0" encoding="UTF-8"?>
<!-- Generated by org.testng.reporters.JUnitReportReporter -->
<testsuite skipped="0" hostname="NZWGTNLP54" name="demo.testngpractise.demo1" tests="2" failures="0" timestamp="2020-04-01T15:52:48 NZDT" time="0.028" errors="0">
  <testcase name="aestcase2" time="0.026" classname="demo.testngpractise.demo1"/>
  <testcase name="bestcase3" time="0.002" classname="demo.testngpractise.demo1"/>
</testsuite> <!-- demo.testngpractise.demo1 -->
